[2012/02/20-14:56:59][D:\003\xampp\htdocs\vng\game-tool\sourcecode\chipzin\application\models\Models_Base.php:84] exception 'Zend_Db_Statement_Exception' with message 'SQLSTATE[42S22]: Column not found: 1054 Unknown column 'id' in 'where clause'' in D:\003\xampp\library\Zend.1.6.2\Zend\Db\Statement\Pdo.php:238
Stack trace:
#0 D:\003\xampp\library\Zend.1.6.2\Zend\Db\Statement.php(283): Zend_Db_Statement_Pdo->_execute(Array)
#1 D:\003\xampp\library\Zend.1.6.2\Zend\Db\Adapter\Abstract.php(430): Zend_Db_Statement->execute(Array)
#2 D:\003\xampp\library\Zend.1.6.2\Zend\Db\Adapter\Pdo\Abstract.php(220): Zend_Db_Adapter_Abstract->query('SELECT????????*...', '')
#3 D:\003\xampp\library\Zend.1.6.2\Zend\Db\Adapter\Abstract.php(660): Zend_Db_Adapter_Pdo_Abstract->query('SELECT????????*...', '')
#4 D:\003\xampp\htdocs\vng\game-tool\sourcecode\chipzin\application\models\Models_Base.php(78): Zend_Db_Adapter_Abstract->fetchRow('SELECT????????*...', '', 5)
#5 D:\003\xampp\htdocs\vng\game-tool\sourcecode\chipzin\application\controllers\QuestController.php(46): Models_Base->_getByKey('1')
#6 D:\003\xampp\library\Zend.1.6.2\Zend\Controller\Action.php(494): QuestController->editAction()
#7 D:\003\xampp\library\Zend.1.6.2\Zend\Controller\Dispatcher\Standard.php(285): Zend_Controller_Action->dispatch('editAction')
#8 D:\003\xampp\library\Zend.1.6.2\Zend\Controller\Front.php(934): Zend_Controller_Dispatcher_Standard->dispatch(Object(Zend_Controller_Request_Http), Object(Zend_Controller_Response_Http))
#9 D:\003\xampp\htdocs\vng\game-tool\sourcecode\chipzin\index.php(32): Zend_Controller_Front->dispatch()
#10 {main}
[2012/02/20-14:59:26][D:\003\xampp\htdocs\vng\game-tool\sourcecode\chipzin\application\models\Models_Base.php:84] exception 'Zend_Db_Statement_Exception' with message 'SQLSTATE[42S22]: Column not found: 1054 Unknown column 'id' in 'where clause'' in D:\003\xampp\library\Zend.1.6.2\Zend\Db\Statement\Pdo.php:238
Stack trace:
#0 D:\003\xampp\library\Zend.1.6.2\Zend\Db\Statement.php(283): Zend_Db_Statement_Pdo->_execute(Array)
#1 D:\003\xampp\library\Zend.1.6.2\Zend\Db\Adapter\Abstract.php(430): Zend_Db_Statement->execute(Array)
#2 D:\003\xampp\library\Zend.1.6.2\Zend\Db\Adapter\Pdo\Abstract.php(220): Zend_Db_Adapter_Abstract->query('SELECT????????*...', '')
#3 D:\003\xampp\library\Zend.1.6.2\Zend\Db\Adapter\Abstract.php(660): Zend_Db_Adapter_Pdo_Abstract->query('SELECT????????*...', '')
#4 D:\003\xampp\htdocs\vng\game-tool\sourcecode\chipzin\application\models\Models_Base.php(78): Zend_Db_Adapter_Abstract->fetchRow('SELECT????????*...', '', 5)
#5 D:\003\xampp\htdocs\vng\game-tool\sourcecode\chipzin\application\controllers\QuestController.php(46): Models_Base->_getByKey('1')
#6 D:\003\xampp\library\Zend.1.6.2\Zend\Controller\Action.php(494): QuestController->editAction()
#7 D:\003\xampp\library\Zend.1.6.2\Zend\Controller\Dispatcher\Standard.php(285): Zend_Controller_Action->dispatch('editAction')
#8 D:\003\xampp\library\Zend.1.6.2\Zend\Controller\Front.php(934): Zend_Controller_Dispatcher_Standard->dispatch(Object(Zend_Controller_Request_Http), Object(Zend_Controller_Response_Http))
#9 D:\003\xampp\htdocs\vng\game-tool\sourcecode\chipzin\index.php(32): Zend_Controller_Front->dispatch()
#10 {main}
[2012/02/21-07:55:35][D:\003\xampp\library\Zend.1.6.2\Zend\Controller\Action.php:473] Method "_getArrEvent" does not exist and was not trapped in __call()
[2012/02/21-07:56:01][D:\003\xampp\library\Zend.1.6.2\Zend\Controller\Action.php:473] Method "_getArrEvent" does not exist and was not trapped in __call()
[2012/02/21-08:02:45][D:\003\xampp\htdocs\vng\game-tool\sourcecode\chipzin\library\utility\utility.php:259] PHP Class 'Memcache' does not exist!
[2012/02/21-08:27:49][D:\003\xampp\library\Zend.1.6.2\Zend\Db\Statement\Pdo.php:238] SQLSTATE[42000]: Syntax error or access violation: 1064 You have an error in your SQL syntax; check the manual that corresponds to your MySQL server version for the right syntax to use near ''q_questline'
				WHERE
					1' at line 4
[2012/02/21-08:28:19][D:\003\xampp\library\Zend.1.6.2\Zend\Db\Statement\Pdo.php:238] SQLSTATE[42000]: Syntax error or access violation: 1064 You have an error in your SQL syntax; check the manual that corresponds to your MySQL server version for the right syntax to use near ''q_questline'
				WHERE
					1' at line 4
[2012/02/21-08:31:39][D:\003\xampp\library\Zend.1.6.2\Zend\Db\Statement\Pdo.php:238] SQLSTATE[42000]: Syntax error or access violation: 1064 You have an error in your SQL syntax; check the manual that corresponds to your MySQL server version for the right syntax to use near ''q_questline'
				WHERE
					1' at line 4
[2012/02/21-08:33:19][D:\003\xampp\library\Zend.1.6.2\Zend\Db\Statement\Pdo.php:238] SQLSTATE[42000]: Syntax error or access violation: 1064 You have an error in your SQL syntax; check the manual that corresponds to your MySQL server version for the right syntax to use near ''q_questline'
				WHERE
					1' at line 4
[2012/02/21-08:46:51][D:\003\xampp\library\Zend.1.6.2\Zend\Controller\Action.php:473] Method "_getArrEvent" does not exist and was not trapped in __call()
[2012/02/21-09:34:09][D:\003\xampp\library\Zend.1.6.2\Zend\Db\Statement\Pdo.php:238] SQLSTATE[42000]: Syntax error or access violation: 1064 You have an error in your SQL syntax; check the manual that corresponds to your MySQL server version for the right syntax to use near ''QuestLine'' at line 1
[2012/02/21-09:34:37][D:\003\xampp\htdocs\vng\game-tool\sourcecode\chipzin\application\models\Models_Base.php:84] exception 'Zend_Db_Statement_Exception' with message 'SQLSTATE[42S02]: Base table or view not found: 1146 Table 'supportchipzin.q_quest' doesn't exist' in D:\003\xampp\library\Zend.1.6.2\Zend\Db\Statement\Pdo.php:238
Stack trace:
#0 D:\003\xampp\library\Zend.1.6.2\Zend\Db\Statement.php(283): Zend_Db_Statement_Pdo->_execute(Array)
#1 D:\003\xampp\library\Zend.1.6.2\Zend\Db\Adapter\Abstract.php(430): Zend_Db_Statement->execute(Array)
#2 D:\003\xampp\library\Zend.1.6.2\Zend\Db\Adapter\Pdo\Abstract.php(220): Zend_Db_Adapter_Abstract->query('SELECT????????*...', '')
#3 D:\003\xampp\library\Zend.1.6.2\Zend\Db\Adapter\Abstract.php(660): Zend_Db_Adapter_Pdo_Abstract->query('SELECT????????*...', '')
#4 D:\003\xampp\htdocs\vng\game-tool\sourcecode\chipzin\application\models\Models_Base.php(78): Zend_Db_Adapter_Abstract->fetchRow('SELECT????????*...', '', 5)
#5 D:\003\xampp\htdocs\vng\game-tool\sourcecode\chipzin\application\controllers\QuestController.php(47): Models_Base->_getByKey(NULL)
#6 D:\003\xampp\library\Zend.1.6.2\Zend\Controller\Action.php(494): QuestController->editAction()
#7 D:\003\xampp\library\Zend.1.6.2\Zend\Controller\Dispatcher\Standard.php(285): Zend_Controller_Action->dispatch('editAction')
#8 D:\003\xampp\library\Zend.1.6.2\Zend\Controller\Front.php(934): Zend_Controller_Dispatcher_Standard->dispatch(Object(Zend_Controller_Request_Http), Object(Zend_Controller_Response_Http))
#9 D:\003\xampp\htdocs\vng\game-tool\sourcecode\chipzin\index.php(32): Zend_Controller_Front->dispatch()
#10 {main}
[2012/02/21-09:35:15][D:\003\xampp\library\Zend.1.6.2\Zend\Db\Statement\Pdo.php:238] SQLSTATE[42000]: Syntax error or access violation: 1064 You have an error in your SQL syntax; check the manual that corresponds to your MySQL server version for the right syntax to use near ''QuestLine'' at line 1
[2012/02/21-09:36:06][D:\003\xampp\library\Zend.1.6.2\Zend\Db\Statement\Pdo.php:238] SQLSTATE[42000]: Syntax error or access violation: 1064 You have an error in your SQL syntax; check the manual that corresponds to your MySQL server version for the right syntax to use near ''q_questline'' at line 1
[2012/02/21-09:36:08][D:\003\xampp\library\Zend.1.6.2\Zend\Db\Statement\Pdo.php:238] SQLSTATE[42000]: Syntax error or access violation: 1064 You have an error in your SQL syntax; check the manual that corresponds to your MySQL server version for the right syntax to use near ''q_questline'' at line 1
[2012/02/21-10:37:38][D:\003\xampp\library\Zend.1.6.2\Zend\Controller\Action.php:473] Method "_getArrQuest" does not exist and was not trapped in __call()
[2012/02/22-05:55:02][D:\003\xampp\htdocs\vng\game-tool\sourcecode\chipzin\application\models\Models_Base.php:49] exception 'Zend_Db_Statement_Exception' with message 'SQLSTATE[42000]: Syntax error or access violation: 1064 You have an error in your SQL syntax; check the manual that corresponds to your MySQL server version for the right syntax to use near ')' at line 1' in D:\003\xampp\library\Zend.1.6.2\Zend\Db\Statement\Pdo.php:238
Stack trace:
#0 D:\003\xampp\library\Zend.1.6.2\Zend\Db\Statement.php(283): Zend_Db_Statement_Pdo->_execute(Array)
#1 D:\003\xampp\library\Zend.1.6.2\Zend\Db\Adapter\Abstract.php(430): Zend_Db_Statement->execute(Array)
#2 D:\003\xampp\library\Zend.1.6.2\Zend\Db\Adapter\Pdo\Abstract.php(220): Zend_Db_Adapter_Abstract->query('UPDATE `q_quest...', Array)
#3 D:\003\xampp\library\Zend.1.6.2\Zend\Db\Adapter\Abstract.php(551): Zend_Db_Adapter_Pdo_Abstract->query('UPDATE `q_quest...', Array)
#4 D:\003\xampp\htdocs\vng\game-tool\sourcecode\chipzin\application\models\Models_Base.php(43): Zend_Db_Adapter_Abstract->update('q_quest', Array, 'QuestID = ')
#5 D:\003\xampp\htdocs\vng\game-tool\sourcecode\chipzin\application\models\Models_Quest_Detail.php(20): Models_Base->_update(Object(Obj_Quest_Detail))
#6 D:\003\xampp\htdocs\vng\game-tool\sourcecode\chipzin\application\controllers\QuestController.php(100): Models_Quest_Detail->update(Object(Obj_Quest_Detail))
#7 D:\003\xampp\library\Zend.1.6.2\Zend\Controller\Action.php(494): QuestController->editAction()
#8 D:\003\xampp\library\Zend.1.6.2\Zend\Controller\Dispatcher\Standard.php(285): Zend_Controller_Action->dispatch('editAction')
#9 D:\003\xampp\library\Zend.1.6.2\Zend\Controller\Front.php(934): Zend_Controller_Dispatcher_Standard->dispatch(Object(Zend_Controller_Request_Http), Object(Zend_Controller_Response_Http))
#10 D:\003\xampp\htdocs\vng\game-tool\sourcecode\chipzin\index.php(32): Zend_Controller_Front->dispatch()
#11 {main}
[2012/02/22-06:01:36][D:\003\xampp\htdocs\vng\game-tool\sourcecode\chipzin\application\models\Models_Base.php:49] exception 'Zend_Db_Statement_Exception' with message 'SQLSTATE[42000]: Syntax error or access violation: 1064 You have an error in your SQL syntax; check the manual that corresponds to your MySQL server version for the right syntax to use near ')' at line 1' in D:\003\xampp\library\Zend.1.6.2\Zend\Db\Statement\Pdo.php:238
Stack trace:
#0 D:\003\xampp\library\Zend.1.6.2\Zend\Db\Statement.php(283): Zend_Db_Statement_Pdo->_execute(Array)
#1 D:\003\xampp\library\Zend.1.6.2\Zend\Db\Adapter\Abstract.php(430): Zend_Db_Statement->execute(Array)
#2 D:\003\xampp\library\Zend.1.6.2\Zend\Db\Adapter\Pdo\Abstract.php(220): Zend_Db_Adapter_Abstract->query('UPDATE `q_quest...', Array)
#3 D:\003\xampp\library\Zend.1.6.2\Zend\Db\Adapter\Abstract.php(551): Zend_Db_Adapter_Pdo_Abstract->query('UPDATE `q_quest...', Array)
#4 D:\003\xampp\htdocs\vng\game-tool\sourcecode\chipzin\application\models\Models_Base.php(43): Zend_Db_Adapter_Abstract->update('q_quest', Array, 'QuestID = ')
#5 D:\003\xampp\htdocs\vng\game-tool\sourcecode\chipzin\application\models\Models_Quest_Detail.php(20): Models_Base->_update(Object(Obj_Quest_Detail))
#6 D:\003\xampp\htdocs\vng\game-tool\sourcecode\chipzin\application\controllers\QuestController.php(100): Models_Quest_Detail->update(Object(Obj_Quest_Detail))
#7 D:\003\xampp\library\Zend.1.6.2\Zend\Controller\Action.php(494): QuestController->editAction()
#8 D:\003\xampp\library\Zend.1.6.2\Zend\Controller\Dispatcher\Standard.php(285): Zend_Controller_Action->dispatch('editAction')
#9 D:\003\xampp\library\Zend.1.6.2\Zend\Controller\Front.php(934): Zend_Controller_Dispatcher_Standard->dispatch(Object(Zend_Controller_Request_Http), Object(Zend_Controller_Response_Http))
#10 D:\003\xampp\htdocs\vng\game-tool\sourcecode\chipzin\index.php(32): Zend_Controller_Front->dispatch()
#11 {main}
[2012/02/22-08:30:51][D:\003\xampp\htdocs\vng\game-tool\sourcecode\chipzin\application\models\Models_Base.php:49] exception 'Zend_Db_Statement_Exception' with message 'SQLSTATE[23000]: Integrity constraint violation: 1452 Cannot add or update a child row: a foreign key constraint fails (`supportchipzin`.`q_quest`, CONSTRAINT `q_quest_ibfk_1` FOREIGN KEY (`QuestLineID`) REFERENCES `q_questline` (`QuestLineID`) ON DELETE NO ACTION ON UPDATE NO ACTION)' in D:\003\xampp\library\Zend.1.6.2\Zend\Db\Statement\Pdo.php:238
Stack trace:
#0 D:\003\xampp\library\Zend.1.6.2\Zend\Db\Statement.php(283): Zend_Db_Statement_Pdo->_execute(Array)
#1 D:\003\xampp\library\Zend.1.6.2\Zend\Db\Adapter\Abstract.php(430): Zend_Db_Statement->execute(Array)
#2 D:\003\xampp\library\Zend.1.6.2\Zend\Db\Adapter\Pdo\Abstract.php(220): Zend_Db_Adapter_Abstract->query('UPDATE `q_quest...', Array)
#3 D:\003\xampp\library\Zend.1.6.2\Zend\Db\Adapter\Abstract.php(551): Zend_Db_Adapter_Pdo_Abstract->query('UPDATE `q_quest...', Array)
#4 D:\003\xampp\htdocs\vng\game-tool\sourcecode\chipzin\application\models\Models_Base.php(43): Zend_Db_Adapter_Abstract->update('q_quest', Array, 'QuestID = 4')
#5 D:\003\xampp\htdocs\vng\game-tool\sourcecode\chipzin\application\models\Models_Quest_Detail.php(20): Models_Base->_update(Object(Obj_Quest_Detail))
#6 D:\003\xampp\htdocs\vng\game-tool\sourcecode\chipzin\application\controllers\QuestController.php(101): Models_Quest_Detail->update(Object(Obj_Quest_Detail))
#7 D:\003\xampp\library\Zend.1.6.2\Zend\Controller\Action.php(494): QuestController->editAction()
#8 D:\003\xampp\library\Zend.1.6.2\Zend\Controller\Dispatcher\Standard.php(285): Zend_Controller_Action->dispatch('editAction')
#9 D:\003\xampp\library\Zend.1.6.2\Zend\Controller\Front.php(934): Zend_Controller_Dispatcher_Standard->dispatch(Object(Zend_Controller_Request_Http), Object(Zend_Controller_Response_Http))
#10 D:\003\xampp\htdocs\vng\game-tool\sourcecode\chipzin\index.php(32): Zend_Controller_Front->dispatch()
#11 {main}
[2012/02/22-11:35:41][D:\003\xampp\htdocs\vng\game-tool\sourcecode\chipzin\application\models\Models_Base.php:84] exception 'Zend_Db_Statement_Exception' with message 'SQLSTATE[42S02]: Base table or view not found: 1146 Table 'supportchipzin.q_task' doesn't exist' in D:\003\xampp\library\Zend.1.6.2\Zend\Db\Statement\Pdo.php:238
Stack trace:
#0 D:\003\xampp\library\Zend.1.6.2\Zend\Db\Statement.php(283): Zend_Db_Statement_Pdo->_execute(Array)
#1 D:\003\xampp\library\Zend.1.6.2\Zend\Db\Adapter\Abstract.php(430): Zend_Db_Statement->execute(Array)
#2 D:\003\xampp\library\Zend.1.6.2\Zend\Db\Adapter\Pdo\Abstract.php(220): Zend_Db_Adapter_Abstract->query('SELECT????????*...', '')
#3 D:\003\xampp\library\Zend.1.6.2\Zend\Db\Adapter\Abstract.php(660): Zend_Db_Adapter_Pdo_Abstract->query('SELECT????????*...', '')
#4 D:\003\xampp\htdocs\vng\game-tool\sourcecode\chipzin\application\models\Models_Base.php(78): Zend_Db_Adapter_Abstract->fetchRow('SELECT????????*...', '', 5)
#5 D:\003\xampp\htdocs\vng\game-tool\sourcecode\chipzin\application\controllers\TaskController.php(83): Models_Base->_getByKey(NULL)
#6 D:\003\xampp\library\Zend.1.6.2\Zend\Controller\Action.php(494): TaskController->editAction()
#7 D:\003\xampp\library\Zend.1.6.2\Zend\Controller\Dispatcher\Standard.php(285): Zend_Controller_Action->dispatch('editAction')
#8 D:\003\xampp\library\Zend.1.6.2\Zend\Controller\Front.php(934): Zend_Controller_Dispatcher_Standard->dispatch(Object(Zend_Controller_Request_Http), Object(Zend_Controller_Response_Http))
#9 D:\003\xampp\htdocs\vng\game-tool\sourcecode\chipzin\index.php(32): Zend_Controller_Front->dispatch()
#10 {main}
[2012/02/22-16:05:33][D:\003\xampp\library\Zend.1.6.2\Zend\Db\Statement\Pdo.php:238] SQLSTATE[42000]: Syntax error or access violation: 1064 You have an error in your SQL syntax; check the manual that corresponds to your MySQL server version for the right syntax to use near '' at line 5
[2012/02/22-16:07:15][D:\003\xampp\library\Zend.1.6.2\Zend\Db\Statement\Pdo.php:238] SQLSTATE[42000]: Syntax error or access violation: 1064 You have an error in your SQL syntax; check the manual that corresponds to your MySQL server version for the right syntax to use near '' at line 5
[2012/02/22-16:07:51][D:\003\xampp\library\Zend.1.6.2\Zend\Db\Statement\Pdo.php:238] SQLSTATE[42000]: Syntax error or access violation: 1064 You have an error in your SQL syntax; check the manual that corresponds to your MySQL server version for the right syntax to use near '' at line 5
[2012/02/22-16:08:15][D:\003\xampp\library\Zend.1.6.2\Zend\Db\Statement\Pdo.php:238] SQLSTATE[42000]: Syntax error or access violation: 1064 You have an error in your SQL syntax; check the manual that corresponds to your MySQL server version for the right syntax to use near '' at line 5
[2012/02/22-17:04:47][D:\003\xampp\htdocs\vng\game-tool\sourcecode\chipzin\application\controllers\EventController.php:159] Các giá trị trong [Mua nụ hôn] phải là số.;
[2012/02/22-22:08:59][D:\003\xampp\htdocs\vng\game-tool\sourcecode\chipzin\application\models\Models_Base.php:49] exception 'Zend_Db_Statement_Exception' with message 'SQLSTATE[23000]: Integrity constraint violation: 1452 Cannot add or update a child row: a foreign key constraint fails (`supportchipzin`.`q_quest`, CONSTRAINT `q_quest_ibfk_2` FOREIGN KEY (`NextQuest`) REFERENCES `q_quest` (`QuestID`) ON DELETE NO ACTION ON UPDATE NO ACTION)' in D:\003\xampp\library\Zend.1.6.2\Zend\Db\Statement\Pdo.php:238
Stack trace:
#0 D:\003\xampp\library\Zend.1.6.2\Zend\Db\Statement.php(283): Zend_Db_Statement_Pdo->_execute(Array)
#1 D:\003\xampp\library\Zend.1.6.2\Zend\Db\Adapter\Abstract.php(430): Zend_Db_Statement->execute(Array)
#2 D:\003\xampp\library\Zend.1.6.2\Zend\Db\Adapter\Pdo\Abstract.php(220): Zend_Db_Adapter_Abstract->query('UPDATE `q_quest...', Array)
#3 D:\003\xampp\library\Zend.1.6.2\Zend\Db\Adapter\Abstract.php(551): Zend_Db_Adapter_Pdo_Abstract->query('UPDATE `q_quest...', Array)
#4 D:\003\xampp\htdocs\vng\game-tool\sourcecode\chipzin\application\models\Models_Base.php(43): Zend_Db_Adapter_Abstract->update('q_quest', Array, 'QuestID = 3')
#5 D:\003\xampp\htdocs\vng\game-tool\sourcecode\chipzin\application\models\Models_Quest_Detail.php(20): Models_Base->_update(Object(Obj_Quest_Detail))
#6 D:\003\xampp\htdocs\vng\game-tool\sourcecode\chipzin\application\controllers\QuestController.php(101): Models_Quest_Detail->update(Object(Obj_Quest_Detail))
#7 D:\003\xampp\library\Zend.1.6.2\Zend\Controller\Action.php(494): QuestController->editAction()
#8 D:\003\xampp\library\Zend.1.6.2\Zend\Controller\Dispatcher\Standard.php(285): Zend_Controller_Action->dispatch('editAction')
#9 D:\003\xampp\library\Zend.1.6.2\Zend\Controller\Front.php(934): Zend_Controller_Dispatcher_Standard->dispatch(Object(Zend_Controller_Request_Http), Object(Zend_Controller_Response_Http))
#10 D:\003\xampp\htdocs\vng\game-tool\sourcecode\chipzin\index.php(32): Zend_Controller_Front->dispatch()
#11 {main}
[2012/02/22-22:47:44][D:\003\xampp\library\Zend.1.6.2\Zend\Db\Statement\Pdo.php:238] SQLSTATE[42000]: Syntax error or access violation: 1064 You have an error in your SQL syntax; check the manual that corresponds to your MySQL server version for the right syntax to use near ']' at line 5
[2012/02/23-11:13:42][D:\003\xampp\htdocs\vng\game-tool\sourcecode\chipzin\application\models\Models_Base.php:49] exception 'Zend_Db_Statement_Exception' with message 'SQLSTATE[23000]: Integrity constraint violation: 1452 Cannot add or update a child row: a foreign key constraint fails (`supportchipzin`.`q_quest`, CONSTRAINT `q_quest_ibfk_1` FOREIGN KEY (`QuestLineID`) REFERENCES `q_questline` (`QuestLineID`) ON DELETE NO ACTION ON UPDATE NO ACTION)' in D:\003\xampp\library\Zend.1.6.2\Zend\Db\Statement\Pdo.php:238
Stack trace:
#0 D:\003\xampp\library\Zend.1.6.2\Zend\Db\Statement.php(283): Zend_Db_Statement_Pdo->_execute(Array)
#1 D:\003\xampp\library\Zend.1.6.2\Zend\Db\Adapter\Abstract.php(430): Zend_Db_Statement->execute(Array)
#2 D:\003\xampp\library\Zend.1.6.2\Zend\Db\Adapter\Pdo\Abstract.php(220): Zend_Db_Adapter_Abstract->query('UPDATE `q_quest...', Array)
#3 D:\003\xampp\library\Zend.1.6.2\Zend\Db\Adapter\Abstract.php(551): Zend_Db_Adapter_Pdo_Abstract->query('UPDATE `q_quest...', Array)
#4 D:\003\xampp\htdocs\vng\game-tool\sourcecode\chipzin\application\models\Models_Base.php(43): Zend_Db_Adapter_Abstract->update('q_quest', Array, 'QuestID = 3')
#5 D:\003\xampp\htdocs\vng\game-tool\sourcecode\chipzin\application\models\Models_Quest_Detail.php(20): Models_Base->_update(Object(Obj_Quest_Detail))
#6 D:\003\xampp\htdocs\vng\game-tool\sourcecode\chipzin\application\controllers\QuestController.php(101): Models_Quest_Detail->update(Object(Obj_Quest_Detail))
#7 D:\003\xampp\library\Zend.1.6.2\Zend\Controller\Action.php(494): QuestController->editAction()
#8 D:\003\xampp\library\Zend.1.6.2\Zend\Controller\Dispatcher\Standard.php(285): Zend_Controller_Action->dispatch('editAction')
#9 D:\003\xampp\library\Zend.1.6.2\Zend\Controller\Front.php(934): Zend_Controller_Dispatcher_Standard->dispatch(Object(Zend_Controller_Request_Http), Object(Zend_Controller_Response_Http))
#10 D:\003\xampp\htdocs\vng\game-tool\sourcecode\chipzin\index.php(32): Zend_Controller_Front->dispatch()
#11 {main}
[2012/02/23-14:00:42][D:\003\xampp\htdocs\vng\game-tool\sourcecode\chipzin\application\models\Models_Base.php:49] exception 'Zend_Db_Statement_Exception' with message 'SQLSTATE[23000]: Integrity constraint violation: 1452 Cannot add or update a child row: a foreign key constraint fails (`supportchipzin`.`q_quest`, CONSTRAINT `q_quest_ibfk_1` FOREIGN KEY (`QuestLineID`) REFERENCES `q_questline` (`QuestLineID`) ON DELETE NO ACTION ON UPDATE NO ACTION)' in D:\003\xampp\library\Zend.1.6.2\Zend\Db\Statement\Pdo.php:238
Stack trace:
#0 D:\003\xampp\library\Zend.1.6.2\Zend\Db\Statement.php(283): Zend_Db_Statement_Pdo->_execute(Array)
#1 D:\003\xampp\library\Zend.1.6.2\Zend\Db\Adapter\Abstract.php(430): Zend_Db_Statement->execute(Array)
#2 D:\003\xampp\library\Zend.1.6.2\Zend\Db\Adapter\Pdo\Abstract.php(220): Zend_Db_Adapter_Abstract->query('UPDATE `q_quest...', Array)
#3 D:\003\xampp\library\Zend.1.6.2\Zend\Db\Adapter\Abstract.php(551): Zend_Db_Adapter_Pdo_Abstract->query('UPDATE `q_quest...', Array)
#4 D:\003\xampp\htdocs\vng\game-tool\sourcecode\chipzin\application\models\Models_Base.php(43): Zend_Db_Adapter_Abstract->update('q_quest', Array, 'QuestID = 3')
#5 D:\003\xampp\htdocs\vng\game-tool\sourcecode\chipzin\application\controllers\QuestController.php(228): Models_Base->_update(Object(Obj_Quest_Detail))
#6 D:\003\xampp\library\Zend.1.6.2\Zend\Controller\Action.php(494): QuestController->updateAction()
#7 D:\003\xampp\library\Zend.1.6.2\Zend\Controller\Dispatcher\Standard.php(285): Zend_Controller_Action->dispatch('updateAction')
#8 D:\003\xampp\library\Zend.1.6.2\Zend\Controller\Front.php(934): Zend_Controller_Dispatcher_Standard->dispatch(Object(Zend_Controller_Request_Http), Object(Zend_Controller_Response_Http))
#9 D:\003\xampp\htdocs\vng\game-tool\sourcecode\chipzin\index.php(32): Zend_Controller_Front->dispatch()
#10 {main}
[2012/02/23-14:01:04][D:\003\xampp\htdocs\vng\game-tool\sourcecode\chipzin\application\models\Models_Base.php:49] exception 'Zend_Db_Statement_Exception' with message 'SQLSTATE[23000]: Integrity constraint violation: 1452 Cannot add or update a child row: a foreign key constraint fails (`supportchipzin`.`q_quest`, CONSTRAINT `q_quest_ibfk_1` FOREIGN KEY (`QuestLineID`) REFERENCES `q_questline` (`QuestLineID`) ON DELETE NO ACTION ON UPDATE NO ACTION)' in D:\003\xampp\library\Zend.1.6.2\Zend\Db\Statement\Pdo.php:238
Stack trace:
#0 D:\003\xampp\library\Zend.1.6.2\Zend\Db\Statement.php(283): Zend_Db_Statement_Pdo->_execute(Array)
#1 D:\003\xampp\library\Zend.1.6.2\Zend\Db\Adapter\Abstract.php(430): Zend_Db_Statement->execute(Array)
#2 D:\003\xampp\library\Zend.1.6.2\Zend\Db\Adapter\Pdo\Abstract.php(220): Zend_Db_Adapter_Abstract->query('UPDATE `q_quest...', Array)
#3 D:\003\xampp\library\Zend.1.6.2\Zend\Db\Adapter\Abstract.php(551): Zend_Db_Adapter_Pdo_Abstract->query('UPDATE `q_quest...', Array)
#4 D:\003\xampp\htdocs\vng\game-tool\sourcecode\chipzin\application\models\Models_Base.php(43): Zend_Db_Adapter_Abstract->update('q_quest', Array, 'QuestID = 3')
#5 D:\003\xampp\htdocs\vng\game-tool\sourcecode\chipzin\application\controllers\QuestController.php(228): Models_Base->_update(Object(Obj_Quest_Detail))
#6 D:\003\xampp\library\Zend.1.6.2\Zend\Controller\Action.php(494): QuestController->updateAction()
#7 D:\003\xampp\library\Zend.1.6.2\Zend\Controller\Dispatcher\Standard.php(285): Zend_Controller_Action->dispatch('updateAction')
#8 D:\003\xampp\library\Zend.1.6.2\Zend\Controller\Front.php(934): Zend_Controller_Dispatcher_Standard->dispatch(Object(Zend_Controller_Request_Http), Object(Zend_Controller_Response_Http))
#9 D:\003\xampp\htdocs\vng\game-tool\sourcecode\chipzin\index.php(32): Zend_Controller_Front->dispatch()
#10 {main}
[2012/02/23-14:02:14][D:\003\xampp\htdocs\vng\game-tool\sourcecode\chipzin\application\models\Models_Base.php:49] exception 'Zend_Db_Statement_Exception' with message 'SQLSTATE[23000]: Integrity constraint violation: 1452 Cannot add or update a child row: a foreign key constraint fails (`supportchipzin`.`q_quest`, CONSTRAINT `q_quest_ibfk_1` FOREIGN KEY (`QuestLineID`) REFERENCES `q_questline` (`QuestLineID`) ON DELETE NO ACTION ON UPDATE NO ACTION)' in D:\003\xampp\library\Zend.1.6.2\Zend\Db\Statement\Pdo.php:238
Stack trace:
#0 D:\003\xampp\library\Zend.1.6.2\Zend\Db\Statement.php(283): Zend_Db_Statement_Pdo->_execute(Array)
#1 D:\003\xampp\library\Zend.1.6.2\Zend\Db\Adapter\Abstract.php(430): Zend_Db_Statement->execute(Array)
#2 D:\003\xampp\library\Zend.1.6.2\Zend\Db\Adapter\Pdo\Abstract.php(220): Zend_Db_Adapter_Abstract->query('UPDATE `q_quest...', Array)
#3 D:\003\xampp\library\Zend.1.6.2\Zend\Db\Adapter\Abstract.php(551): Zend_Db_Adapter_Pdo_Abstract->query('UPDATE `q_quest...', Array)
#4 D:\003\xampp\htdocs\vng\game-tool\sourcecode\chipzin\application\models\Models_Base.php(43): Zend_Db_Adapter_Abstract->update('q_quest', Array, 'QuestID = 3')
#5 D:\003\xampp\htdocs\vng\game-tool\sourcecode\chipzin\application\controllers\QuestController.php(228): Models_Base->_update(Object(Obj_Quest_Detail))
#6 D:\003\xampp\library\Zend.1.6.2\Zend\Controller\Action.php(494): QuestController->updateAction()
#7 D:\003\xampp\library\Zend.1.6.2\Zend\Controller\Dispatcher\Standard.php(285): Zend_Controller_Action->dispatch('updateAction')
#8 D:\003\xampp\library\Zend.1.6.2\Zend\Controller\Front.php(934): Zend_Controller_Dispatcher_Standard->dispatch(Object(Zend_Controller_Request_Http), Object(Zend_Controller_Response_Http))
#9 D:\003\xampp\htdocs\vng\game-tool\sourcecode\chipzin\index.php(32): Zend_Controller_Front->dispatch()
#10 {main}
[2012/02/23-14:53:44][D:\003\xampp\htdocs\vng\game-tool\sourcecode\chipzin\application\models\Models_Base.php:49] exception 'Zend_Db_Statement_Exception' with message 'SQLSTATE[23000]: Integrity constraint violation: 1452 Cannot add or update a child row: a foreign key constraint fails (`supportchipzin`.`q_quest`, CONSTRAINT `q_quest_ibfk_2` FOREIGN KEY (`NextQuest`) REFERENCES `q_quest` (`QuestID`) ON DELETE NO ACTION ON UPDATE NO ACTION)' in D:\003\xampp\library\Zend.1.6.2\Zend\Db\Statement\Pdo.php:238
Stack trace:
#0 D:\003\xampp\library\Zend.1.6.2\Zend\Db\Statement.php(283): Zend_Db_Statement_Pdo->_execute(Array)
#1 D:\003\xampp\library\Zend.1.6.2\Zend\Db\Adapter\Abstract.php(430): Zend_Db_Statement->execute(Array)
#2 D:\003\xampp\library\Zend.1.6.2\Zend\Db\Adapter\Pdo\Abstract.php(220): Zend_Db_Adapter_Abstract->query('UPDATE `q_quest...', Array)
#3 D:\003\xampp\library\Zend.1.6.2\Zend\Db\Adapter\Abstract.php(551): Zend_Db_Adapter_Pdo_Abstract->query('UPDATE `q_quest...', Array)
#4 D:\003\xampp\htdocs\vng\game-tool\sourcecode\chipzin\application\models\Models_Base.php(43): Zend_Db_Adapter_Abstract->update('q_quest', Array, 'QuestID = 2')
#5 D:\003\xampp\htdocs\vng\game-tool\sourcecode\chipzin\application\controllers\QuestController.php(223): Models_Base->_update(Object(Obj_Quest_Detail))
#6 D:\003\xampp\library\Zend.1.6.2\Zend\Controller\Action.php(494): QuestController->updateAction()
#7 D:\003\xampp\library\Zend.1.6.2\Zend\Controller\Dispatcher\Standard.php(285): Zend_Controller_Action->dispatch('updateAction')
#8 D:\003\xampp\library\Zend.1.6.2\Zend\Controller\Front.php(934): Zend_Controller_Dispatcher_Standard->dispatch(Object(Zend_Controller_Request_Http), Object(Zend_Controller_Response_Http))
#9 D:\003\xampp\htdocs\vng\game-tool\sourcecode\chipzin\index.php(32): Zend_Controller_Front->dispatch()
#10 {main}
[2012/02/23-14:57:16][D:\003\xampp\htdocs\vng\game-tool\sourcecode\chipzin\application\models\Models_Base.php:49] exception 'Zend_Db_Statement_Exception' with message 'SQLSTATE[23000]: Integrity constraint violation: 1452 Cannot add or update a child row: a foreign key constraint fails (`supportchipzin`.`q_quest`, CONSTRAINT `q_quest_ibfk_2` FOREIGN KEY (`NextQuest`) REFERENCES `q_quest` (`QuestID`) ON DELETE NO ACTION ON UPDATE NO ACTION)' in D:\003\xampp\library\Zend.1.6.2\Zend\Db\Statement\Pdo.php:238
Stack trace:
#0 D:\003\xampp\library\Zend.1.6.2\Zend\Db\Statement.php(283): Zend_Db_Statement_Pdo->_execute(Array)
#1 D:\003\xampp\library\Zend.1.6.2\Zend\Db\Adapter\Abstract.php(430): Zend_Db_Statement->execute(Array)
#2 D:\003\xampp\library\Zend.1.6.2\Zend\Db\Adapter\Pdo\Abstract.php(220): Zend_Db_Adapter_Abstract->query('UPDATE `q_quest...', Array)
#3 D:\003\xampp\library\Zend.1.6.2\Zend\Db\Adapter\Abstract.php(551): Zend_Db_Adapter_Pdo_Abstract->query('UPDATE `q_quest...', Array)
#4 D:\003\xampp\htdocs\vng\game-tool\sourcecode\chipzin\application\models\Models_Base.php(43): Zend_Db_Adapter_Abstract->update('q_quest', Array, 'QuestID = 2')
#5 D:\003\xampp\htdocs\vng\game-tool\sourcecode\chipzin\application\controllers\QuestController.php(223): Models_Base->_update(Object(Obj_Quest_Detail))
#6 D:\003\xampp\library\Zend.1.6.2\Zend\Controller\Action.php(494): QuestController->updateAction()
#7 D:\003\xampp\library\Zend.1.6.2\Zend\Controller\Dispatcher\Standard.php(285): Zend_Controller_Action->dispatch('updateAction')
#8 D:\003\xampp\library\Zend.1.6.2\Zend\Controller\Front.php(934): Zend_Controller_Dispatcher_Standard->dispatch(Object(Zend_Controller_Request_Http), Object(Zend_Controller_Response_Http))
#9 D:\003\xampp\htdocs\vng\game-tool\sourcecode\chipzin\index.php(32): Zend_Controller_Front->dispatch()
#10 {main}
[2012/02/23-14:57:41][D:\003\xampp\htdocs\vng\game-tool\sourcecode\chipzin\application\models\Models_Base.php:49] exception 'Zend_Db_Statement_Exception' with message 'SQLSTATE[23000]: Integrity constraint violation: 1452 Cannot add or update a child row: a foreign key constraint fails (`supportchipzin`.`q_quest`, CONSTRAINT `q_quest_ibfk_2` FOREIGN KEY (`NextQuest`) REFERENCES `q_quest` (`QuestID`) ON DELETE NO ACTION ON UPDATE NO ACTION)' in D:\003\xampp\library\Zend.1.6.2\Zend\Db\Statement\Pdo.php:238
Stack trace:
#0 D:\003\xampp\library\Zend.1.6.2\Zend\Db\Statement.php(283): Zend_Db_Statement_Pdo->_execute(Array)
#1 D:\003\xampp\library\Zend.1.6.2\Zend\Db\Adapter\Abstract.php(430): Zend_Db_Statement->execute(Array)
#2 D:\003\xampp\library\Zend.1.6.2\Zend\Db\Adapter\Pdo\Abstract.php(220): Zend_Db_Adapter_Abstract->query('UPDATE `q_quest...', Array)
#3 D:\003\xampp\library\Zend.1.6.2\Zend\Db\Adapter\Abstract.php(551): Zend_Db_Adapter_Pdo_Abstract->query('UPDATE `q_quest...', Array)
#4 D:\003\xampp\htdocs\vng\game-tool\sourcecode\chipzin\application\models\Models_Base.php(43): Zend_Db_Adapter_Abstract->update('q_quest', Array, 'QuestID = 2')
#5 D:\003\xampp\htdocs\vng\game-tool\sourcecode\chipzin\application\controllers\QuestController.php(223): Models_Base->_update(Object(Obj_Quest_Detail))
#6 D:\003\xampp\library\Zend.1.6.2\Zend\Controller\Action.php(494): QuestController->updateAction()
#7 D:\003\xampp\library\Zend.1.6.2\Zend\Controller\Dispatcher\Standard.php(285): Zend_Controller_Action->dispatch('updateAction')
#8 D:\003\xampp\library\Zend.1.6.2\Zend\Controller\Front.php(934): Zend_Controller_Dispatcher_Standard->dispatch(Object(Zend_Controller_Request_Http), Object(Zend_Controller_Response_Http))
#9 D:\003\xampp\htdocs\vng\game-tool\sourcecode\chipzin\index.php(32): Zend_Controller_Front->dispatch()
#10 {main}
[2012/02/23-14:58:08][D:\003\xampp\htdocs\vng\game-tool\sourcecode\chipzin\application\models\Models_Base.php:49] exception 'Zend_Db_Statement_Exception' with message 'SQLSTATE[23000]: Integrity constraint violation: 1452 Cannot add or update a child row: a foreign key constraint fails (`supportchipzin`.`q_quest`, CONSTRAINT `q_quest_ibfk_2` FOREIGN KEY (`NextQuest`) REFERENCES `q_quest` (`QuestID`) ON DELETE NO ACTION ON UPDATE NO ACTION)' in D:\003\xampp\library\Zend.1.6.2\Zend\Db\Statement\Pdo.php:238
Stack trace:
#0 D:\003\xampp\library\Zend.1.6.2\Zend\Db\Statement.php(283): Zend_Db_Statement_Pdo->_execute(Array)
#1 D:\003\xampp\library\Zend.1.6.2\Zend\Db\Adapter\Abstract.php(430): Zend_Db_Statement->execute(Array)
#2 D:\003\xampp\library\Zend.1.6.2\Zend\Db\Adapter\Pdo\Abstract.php(220): Zend_Db_Adapter_Abstract->query('UPDATE `q_quest...', Array)
#3 D:\003\xampp\library\Zend.1.6.2\Zend\Db\Adapter\Abstract.php(551): Zend_Db_Adapter_Pdo_Abstract->query('UPDATE `q_quest...', Array)
#4 D:\003\xampp\htdocs\vng\game-tool\sourcecode\chipzin\application\models\Models_Base.php(43): Zend_Db_Adapter_Abstract->update('q_quest', Array, 'QuestID = 2')
#5 D:\003\xampp\htdocs\vng\game-tool\sourcecode\chipzin\application\controllers\QuestController.php(223): Models_Base->_update(Object(Obj_Quest_Detail))
#6 D:\003\xampp\library\Zend.1.6.2\Zend\Controller\Action.php(494): QuestController->updateAction()
#7 D:\003\xampp\library\Zend.1.6.2\Zend\Controller\Dispatcher\Standard.php(285): Zend_Controller_Action->dispatch('updateAction')
#8 D:\003\xampp\library\Zend.1.6.2\Zend\Controller\Front.php(934): Zend_Controller_Dispatcher_Standard->dispatch(Object(Zend_Controller_Request_Http), Object(Zend_Controller_Response_Http))
#9 D:\003\xampp\htdocs\vng\game-tool\sourcecode\chipzin\index.php(32): Zend_Controller_Front->dispatch()
#10 {main}
[2012/02/23-15:00:14][D:\003\xampp\htdocs\vng\game-tool\sourcecode\chipzin\application\models\Models_Base.php:49] exception 'Zend_Db_Statement_Exception' with message 'SQLSTATE[23000]: Integrity constraint violation: 1452 Cannot add or update a child row: a foreign key constraint fails (`supportchipzin`.`q_quest`, CONSTRAINT `q_quest_ibfk_2` FOREIGN KEY (`NextQuest`) REFERENCES `q_quest` (`QuestID`) ON DELETE NO ACTION ON UPDATE NO ACTION)' in D:\003\xampp\library\Zend.1.6.2\Zend\Db\Statement\Pdo.php:238
Stack trace:
#0 D:\003\xampp\library\Zend.1.6.2\Zend\Db\Statement.php(283): Zend_Db_Statement_Pdo->_execute(Array)
#1 D:\003\xampp\library\Zend.1.6.2\Zend\Db\Adapter\Abstract.php(430): Zend_Db_Statement->execute(Array)
#2 D:\003\xampp\library\Zend.1.6.2\Zend\Db\Adapter\Pdo\Abstract.php(220): Zend_Db_Adapter_Abstract->query('UPDATE `q_quest...', Array)
#3 D:\003\xampp\library\Zend.1.6.2\Zend\Db\Adapter\Abstract.php(551): Zend_Db_Adapter_Pdo_Abstract->query('UPDATE `q_quest...', Array)
#4 D:\003\xampp\htdocs\vng\game-tool\sourcecode\chipzin\application\models\Models_Base.php(43): Zend_Db_Adapter_Abstract->update('q_quest', Array, 'QuestID = 2')
#5 D:\003\xampp\htdocs\vng\game-tool\sourcecode\chipzin\application\controllers\QuestController.php(223): Models_Base->_update(Object(Obj_Quest_Detail))
#6 D:\003\xampp\library\Zend.1.6.2\Zend\Controller\Action.php(494): QuestController->updateAction()
#7 D:\003\xampp\library\Zend.1.6.2\Zend\Controller\Dispatcher\Standard.php(285): Zend_Controller_Action->dispatch('updateAction')
#8 D:\003\xampp\library\Zend.1.6.2\Zend\Controller\Front.php(934): Zend_Controller_Dispatcher_Standard->dispatch(Object(Zend_Controller_Request_Http), Object(Zend_Controller_Response_Http))
#9 D:\003\xampp\htdocs\vng\game-tool\sourcecode\chipzin\index.php(32): Zend_Controller_Front->dispatch()
#10 {main}
[2012/02/23-15:02:11][D:\003\xampp\htdocs\vng\game-tool\sourcecode\chipzin\application\models\Models_Base.php:49] exception 'Zend_Db_Statement_Exception' with message 'SQLSTATE[23000]: Integrity constraint violation: 1452 Cannot add or update a child row: a foreign key constraint fails (`supportchipzin`.`q_quest`, CONSTRAINT `q_quest_ibfk_2` FOREIGN KEY (`NextQuest`) REFERENCES `q_quest` (`QuestID`) ON DELETE NO ACTION ON UPDATE NO ACTION)' in D:\003\xampp\library\Zend.1.6.2\Zend\Db\Statement\Pdo.php:238
Stack trace:
#0 D:\003\xampp\library\Zend.1.6.2\Zend\Db\Statement.php(283): Zend_Db_Statement_Pdo->_execute(Array)
#1 D:\003\xampp\library\Zend.1.6.2\Zend\Db\Adapter\Abstract.php(430): Zend_Db_Statement->execute(Array)
#2 D:\003\xampp\library\Zend.1.6.2\Zend\Db\Adapter\Pdo\Abstract.php(220): Zend_Db_Adapter_Abstract->query('UPDATE `q_quest...', Array)
#3 D:\003\xampp\library\Zend.1.6.2\Zend\Db\Adapter\Abstract.php(551): Zend_Db_Adapter_Pdo_Abstract->query('UPDATE `q_quest...', Array)
#4 D:\003\xampp\htdocs\vng\game-tool\sourcecode\chipzin\application\models\Models_Base.php(43): Zend_Db_Adapter_Abstract->update('q_quest', Array, 'QuestID = 2')
#5 D:\003\xampp\htdocs\vng\game-tool\sourcecode\chipzin\application\controllers\QuestController.php(223): Models_Base->_update(Object(Obj_Quest_Detail))
#6 D:\003\xampp\library\Zend.1.6.2\Zend\Controller\Action.php(494): QuestController->updateAction()
#7 D:\003\xampp\library\Zend.1.6.2\Zend\Controller\Dispatcher\Standard.php(285): Zend_Controller_Action->dispatch('updateAction')
#8 D:\003\xampp\library\Zend.1.6.2\Zend\Controller\Front.php(934): Zend_Controller_Dispatcher_Standard->dispatch(Object(Zend_Controller_Request_Http), Object(Zend_Controller_Response_Http))
#9 D:\003\xampp\htdocs\vng\game-tool\sourcecode\chipzin\index.php(32): Zend_Controller_Front->dispatch()
#10 {main}
[2012/02/23-15:10:35][D:\003\xampp\htdocs\vng\game-tool\sourcecode\chipzin\application\models\Models_Base.php:49] exception 'Zend_Db_Statement_Exception' with message 'SQLSTATE[23000]: Integrity constraint violation: 1452 Cannot add or update a child row: a foreign key constraint fails (`supportchipzin`.`q_quest`, CONSTRAINT `q_quest_ibfk_2` FOREIGN KEY (`NextQuest`) REFERENCES `q_quest` (`QuestID`) ON DELETE NO ACTION ON UPDATE NO ACTION)' in D:\003\xampp\library\Zend.1.6.2\Zend\Db\Statement\Pdo.php:238
Stack trace:
#0 D:\003\xampp\library\Zend.1.6.2\Zend\Db\Statement.php(283): Zend_Db_Statement_Pdo->_execute(Array)
#1 D:\003\xampp\library\Zend.1.6.2\Zend\Db\Adapter\Abstract.php(430): Zend_Db_Statement->execute(Array)
#2 D:\003\xampp\library\Zend.1.6.2\Zend\Db\Adapter\Pdo\Abstract.php(220): Zend_Db_Adapter_Abstract->query('UPDATE `q_quest...', Array)
#3 D:\003\xampp\library\Zend.1.6.2\Zend\Db\Adapter\Abstract.php(551): Zend_Db_Adapter_Pdo_Abstract->query('UPDATE `q_quest...', Array)
#4 D:\003\xampp\htdocs\vng\game-tool\sourcecode\chipzin\application\models\Models_Base.php(43): Zend_Db_Adapter_Abstract->update('q_quest', Array, 'QuestID = 2')
#5 D:\003\xampp\htdocs\vng\game-tool\sourcecode\chipzin\application\controllers\QuestController.php(223): Models_Base->_update(Object(Obj_Quest_Detail))
#6 D:\003\xampp\library\Zend.1.6.2\Zend\Controller\Action.php(494): QuestController->updateAction()
#7 D:\003\xampp\library\Zend.1.6.2\Zend\Controller\Dispatcher\Standard.php(285): Zend_Controller_Action->dispatch('updateAction')
#8 D:\003\xampp\library\Zend.1.6.2\Zend\Controller\Front.php(934): Zend_Controller_Dispatcher_Standard->dispatch(Object(Zend_Controller_Request_Http), Object(Zend_Controller_Response_Http))
#9 D:\003\xampp\htdocs\vng\game-tool\sourcecode\chipzin\index.php(32): Zend_Controller_Front->dispatch()
#10 {main}
[2012/02/23-15:11:37][D:\003\xampp\htdocs\vng\game-tool\sourcecode\chipzin\application\models\Models_Base.php:49] exception 'Zend_Db_Statement_Exception' with message 'SQLSTATE[23000]: Integrity constraint violation: 1452 Cannot add or update a child row: a foreign key constraint fails (`supportchipzin`.`q_quest`, CONSTRAINT `q_quest_ibfk_2` FOREIGN KEY (`NextQuest`) REFERENCES `q_quest` (`QuestID`) ON DELETE NO ACTION ON UPDATE NO ACTION)' in D:\003\xampp\library\Zend.1.6.2\Zend\Db\Statement\Pdo.php:238
Stack trace:
#0 D:\003\xampp\library\Zend.1.6.2\Zend\Db\Statement.php(283): Zend_Db_Statement_Pdo->_execute(Array)
#1 D:\003\xampp\library\Zend.1.6.2\Zend\Db\Adapter\Abstract.php(430): Zend_Db_Statement->execute(Array)
#2 D:\003\xampp\library\Zend.1.6.2\Zend\Db\Adapter\Pdo\Abstract.php(220): Zend_Db_Adapter_Abstract->query('UPDATE `q_quest...', Array)
#3 D:\003\xampp\library\Zend.1.6.2\Zend\Db\Adapter\Abstract.php(551): Zend_Db_Adapter_Pdo_Abstract->query('UPDATE `q_quest...', Array)
#4 D:\003\xampp\htdocs\vng\game-tool\sourcecode\chipzin\application\models\Models_Base.php(43): Zend_Db_Adapter_Abstract->update('q_quest', Array, 'QuestID = 3')
#5 D:\003\xampp\htdocs\vng\game-tool\sourcecode\chipzin\application\controllers\QuestController.php(224): Models_Base->_update(Object(Obj_Quest_Detail))
#6 D:\003\xampp\library\Zend.1.6.2\Zend\Controller\Action.php(494): QuestController->updateAction()
#7 D:\003\xampp\library\Zend.1.6.2\Zend\Controller\Dispatcher\Standard.php(285): Zend_Controller_Action->dispatch('updateAction')
#8 D:\003\xampp\library\Zend.1.6.2\Zend\Controller\Front.php(934): Zend_Controller_Dispatcher_Standard->dispatch(Object(Zend_Controller_Request_Http), Object(Zend_Controller_Response_Http))
#9 D:\003\xampp\htdocs\vng\game-tool\sourcecode\chipzin\index.php(32): Zend_Controller_Front->dispatch()
#10 {main}
[2012/02/23-15:22:39][D:\003\xampp\htdocs\vng\game-tool\sourcecode\chipzin\application\models\Models_Base.php:49] exception 'Zend_Db_Statement_Exception' with message 'SQLSTATE[23000]: Integrity constraint violation: 1452 Cannot add or update a child row: a foreign key constraint fails (`supportchipzin`.`q_quest`, CONSTRAINT `q_quest_ibfk_2` FOREIGN KEY (`NextQuest`) REFERENCES `q_quest` (`QuestID`) ON DELETE NO ACTION ON UPDATE NO ACTION)' in D:\003\xampp\library\Zend.1.6.2\Zend\Db\Statement\Pdo.php:238
Stack trace:
#0 D:\003\xampp\library\Zend.1.6.2\Zend\Db\Statement.php(283): Zend_Db_Statement_Pdo->_execute(Array)
#1 D:\003\xampp\library\Zend.1.6.2\Zend\Db\Adapter\Abstract.php(430): Zend_Db_Statement->execute(Array)
#2 D:\003\xampp\library\Zend.1.6.2\Zend\Db\Adapter\Pdo\Abstract.php(220): Zend_Db_Adapter_Abstract->query('UPDATE `q_quest...', Array)
#3 D:\003\xampp\library\Zend.1.6.2\Zend\Db\Adapter\Abstract.php(551): Zend_Db_Adapter_Pdo_Abstract->query('UPDATE `q_quest...', Array)
#4 D:\003\xampp\htdocs\vng\game-tool\sourcecode\chipzin\application\models\Models_Base.php(43): Zend_Db_Adapter_Abstract->update('q_quest', Array, 'QuestID = 3')
#5 D:\003\xampp\htdocs\vng\game-tool\sourcecode\chipzin\application\controllers\QuestController.php(224): Models_Base->_update(Object(Obj_Quest_Detail))
#6 D:\003\xampp\library\Zend.1.6.2\Zend\Controller\Action.php(494): QuestController->updateAction()
#7 D:\003\xampp\library\Zend.1.6.2\Zend\Controller\Dispatcher\Standard.php(285): Zend_Controller_Action->dispatch('updateAction')
#8 D:\003\xampp\library\Zend.1.6.2\Zend\Controller\Front.php(934): Zend_Controller_Dispatcher_Standard->dispatch(Object(Zend_Controller_Request_Http), Object(Zend_Controller_Response_Http))
#9 D:\003\xampp\htdocs\vng\game-tool\sourcecode\chipzin\index.php(32): Zend_Controller_Front->dispatch()
#10 {main}
[2012/02/23-16:14:18][D:\003\xampp\htdocs\vng\game-tool\sourcecode\chipzin\application\models\Models_Base.php:49] exception 'Zend_Db_Statement_Exception' with message 'SQLSTATE[23000]: Integrity constraint violation: 1452 Cannot add or update a child row: a foreign key constraint fails (`supportchipzin`.`q_quest`, CONSTRAINT `q_quest_ibfk_2` FOREIGN KEY (`NextQuest`) REFERENCES `q_quest` (`QuestID`) ON DELETE NO ACTION ON UPDATE NO ACTION)' in D:\003\xampp\library\Zend.1.6.2\Zend\Db\Statement\Pdo.php:238
Stack trace:
#0 D:\003\xampp\library\Zend.1.6.2\Zend\Db\Statement.php(283): Zend_Db_Statement_Pdo->_execute(Array)
#1 D:\003\xampp\library\Zend.1.6.2\Zend\Db\Adapter\Abstract.php(430): Zend_Db_Statement->execute(Array)
#2 D:\003\xampp\library\Zend.1.6.2\Zend\Db\Adapter\Pdo\Abstract.php(220): Zend_Db_Adapter_Abstract->query('UPDATE `q_quest...', Array)
#3 D:\003\xampp\library\Zend.1.6.2\Zend\Db\Adapter\Abstract.php(551): Zend_Db_Adapter_Pdo_Abstract->query('UPDATE `q_quest...', Array)
#4 D:\003\xampp\htdocs\vng\game-tool\sourcecode\chipzin\application\models\Models_Base.php(43): Zend_Db_Adapter_Abstract->update('q_quest', Array, 'QuestID = 3')
#5 D:\003\xampp\htdocs\vng\game-tool\sourcecode\chipzin\application\models\Models_Quest_Detail.php(20): Models_Base->_update(Object(Obj_Quest_Detail))
#6 D:\003\xampp\htdocs\vng\game-tool\sourcecode\chipzin\application\controllers\QuestController.php(224): Models_Quest_Detail->update(Object(Obj_Quest_Detail))
#7 D:\003\xampp\library\Zend.1.6.2\Zend\Controller\Action.php(494): QuestController->updateAction()
#8 D:\003\xampp\library\Zend.1.6.2\Zend\Controller\Dispatcher\Standard.php(285): Zend_Controller_Action->dispatch('updateAction')
#9 D:\003\xampp\library\Zend.1.6.2\Zend\Controller\Front.php(934): Zend_Controller_Dispatcher_Standard->dispatch(Object(Zend_Controller_Request_Http), Object(Zend_Controller_Response_Http))
#10 D:\003\xampp\htdocs\vng\game-tool\sourcecode\chipzin\index.php(32): Zend_Controller_Front->dispatch()
#11 {main}
[2012/02/23-16:17:10][D:\003\xampp\htdocs\vng\game-tool\sourcecode\chipzin\application\models\Models_Base.php:49] exception 'Zend_Db_Statement_Exception' with message 'SQLSTATE[23000]: Integrity constraint violation: 1452 Cannot add or update a child row: a foreign key constraint fails (`supportchipzin`.`q_quest`, CONSTRAINT `q_quest_ibfk_2` FOREIGN KEY (`NextQuest`) REFERENCES `q_quest` (`QuestID`) ON DELETE NO ACTION ON UPDATE NO ACTION)' in D:\003\xampp\library\Zend.1.6.2\Zend\Db\Statement\Pdo.php:238
Stack trace:
#0 D:\003\xampp\library\Zend.1.6.2\Zend\Db\Statement.php(283): Zend_Db_Statement_Pdo->_execute(Array)
#1 D:\003\xampp\library\Zend.1.6.2\Zend\Db\Adapter\Abstract.php(430): Zend_Db_Statement->execute(Array)
#2 D:\003\xampp\library\Zend.1.6.2\Zend\Db\Adapter\Pdo\Abstract.php(220): Zend_Db_Adapter_Abstract->query('UPDATE `q_quest...', Array)
#3 D:\003\xampp\library\Zend.1.6.2\Zend\Db\Adapter\Abstract.php(551): Zend_Db_Adapter_Pdo_Abstract->query('UPDATE `q_quest...', Array)
#4 D:\003\xampp\htdocs\vng\game-tool\sourcecode\chipzin\application\models\Models_Base.php(43): Zend_Db_Adapter_Abstract->update('q_quest', Array, 'QuestID = 3')
#5 D:\003\xampp\htdocs\vng\game-tool\sourcecode\chipzin\application\models\Models_Quest_Detail.php(20): Models_Base->_update(Object(Obj_Quest_Detail))
#6 D:\003\xampp\htdocs\vng\game-tool\sourcecode\chipzin\application\controllers\QuestController.php(224): Models_Quest_Detail->update(Object(Obj_Quest_Detail))
#7 D:\003\xampp\library\Zend.1.6.2\Zend\Controller\Action.php(494): QuestController->updateAction()
#8 D:\003\xampp\library\Zend.1.6.2\Zend\Controller\Dispatcher\Standard.php(285): Zend_Controller_Action->dispatch('updateAction')
#9 D:\003\xampp\library\Zend.1.6.2\Zend\Controller\Front.php(934): Zend_Controller_Dispatcher_Standard->dispatch(Object(Zend_Controller_Request_Http), Object(Zend_Controller_Response_Http))
#10 D:\003\xampp\htdocs\vng\game-tool\sourcecode\chipzin\index.php(32): Zend_Controller_Front->dispatch()
#11 {main}
[2012/02/23-16:40:05][D:\003\xampp\htdocs\vng\game-tool\sourcecode\chipzin\application\models\Models_Base.php:64] exception 'Zend_Db_Statement_Exception' with message 'SQLSTATE[23000]: Integrity constraint violation: 1451 Cannot delete or update a parent row: a foreign key constraint fails (`supportchipzin`.`q_quest_awarditem`, CONSTRAINT `q_quest_awarditem_ibfk_1` FOREIGN KEY (`QuestID`) REFERENCES `q_quest` (`QuestID`) ON DELETE NO ACTION ON UPDATE NO ACTION)' in D:\003\xampp\library\Zend.1.6.2\Zend\Db\Statement\Pdo.php:238
Stack trace:
#0 D:\003\xampp\library\Zend.1.6.2\Zend\Db\Statement.php(283): Zend_Db_Statement_Pdo->_execute(Array)
#1 D:\003\xampp\library\Zend.1.6.2\Zend\Db\Adapter\Abstract.php(430): Zend_Db_Statement->execute(Array)
#2 D:\003\xampp\library\Zend.1.6.2\Zend\Db\Adapter\Pdo\Abstract.php(220): Zend_Db_Adapter_Abstract->query('DELETE FROM `q_...', Array)
#3 D:\003\xampp\library\Zend.1.6.2\Zend\Db\Adapter\Abstract.php(577): Zend_Db_Adapter_Pdo_Abstract->query('DELETE FROM `q_...')
#4 D:\003\xampp\htdocs\vng\game-tool\sourcecode\chipzin\application\models\Models_Base.php(60): Zend_Db_Adapter_Abstract->delete('q_quest', 'QuestID = '3'')
#5 D:\003\xampp\htdocs\vng\game-tool\sourcecode\chipzin\application\controllers\QuestController.php(134): Models_Base->_delete('3')
#6 D:\003\xampp\library\Zend.1.6.2\Zend\Controller\Action.php(494): QuestController->deleteAction()
#7 D:\003\xampp\library\Zend.1.6.2\Zend\Controller\Dispatcher\Standard.php(285): Zend_Controller_Action->dispatch('deleteAction')
#8 D:\003\xampp\library\Zend.1.6.2\Zend\Controller\Front.php(934): Zend_Controller_Dispatcher_Standard->dispatch(Object(Zend_Controller_Request_Http), Object(Zend_Controller_Response_Http))
#9 D:\003\xampp\htdocs\vng\game-tool\sourcecode\chipzin\index.php(32): Zend_Controller_Front->dispatch()
#10 {main}
[2012/02/23-16:40:09][D:\003\xampp\htdocs\vng\game-tool\sourcecode\chipzin\application\models\Models_Base.php:64] exception 'Zend_Db_Statement_Exception' with message 'SQLSTATE[23000]: Integrity constraint violation: 1451 Cannot delete or update a parent row: a foreign key constraint fails (`supportchipzin`.`q_quest_awarditem`, CONSTRAINT `q_quest_awarditem_ibfk_1` FOREIGN KEY (`QuestID`) REFERENCES `q_quest` (`QuestID`) ON DELETE NO ACTION ON UPDATE NO ACTION)' in D:\003\xampp\library\Zend.1.6.2\Zend\Db\Statement\Pdo.php:238
Stack trace:
#0 D:\003\xampp\library\Zend.1.6.2\Zend\Db\Statement.php(283): Zend_Db_Statement_Pdo->_execute(Array)
#1 D:\003\xampp\library\Zend.1.6.2\Zend\Db\Adapter\Abstract.php(430): Zend_Db_Statement->execute(Array)
#2 D:\003\xampp\library\Zend.1.6.2\Zend\Db\Adapter\Pdo\Abstract.php(220): Zend_Db_Adapter_Abstract->query('DELETE FROM `q_...', Array)
#3 D:\003\xampp\library\Zend.1.6.2\Zend\Db\Adapter\Abstract.php(577): Zend_Db_Adapter_Pdo_Abstract->query('DELETE FROM `q_...')
#4 D:\003\xampp\htdocs\vng\game-tool\sourcecode\chipzin\application\models\Models_Base.php(60): Zend_Db_Adapter_Abstract->delete('q_quest', 'QuestID = '3'')
#5 D:\003\xampp\htdocs\vng\game-tool\sourcecode\chipzin\application\controllers\QuestController.php(134): Models_Base->_delete('3')
#6 D:\003\xampp\library\Zend.1.6.2\Zend\Controller\Action.php(494): QuestController->deleteAction()
#7 D:\003\xampp\library\Zend.1.6.2\Zend\Controller\Dispatcher\Standard.php(285): Zend_Controller_Action->dispatch('deleteAction')
#8 D:\003\xampp\library\Zend.1.6.2\Zend\Controller\Front.php(934): Zend_Controller_Dispatcher_Standard->dispatch(Object(Zend_Controller_Request_Http), Object(Zend_Controller_Response_Http))
#9 D:\003\xampp\htdocs\vng\game-tool\sourcecode\chipzin\index.php(32): Zend_Controller_Front->dispatch()
#10 {main}
[2012/02/23-16:56:15][D:\003\xampp\htdocs\vng\game-tool\sourcecode\chipzin\application\models\Models_Base.php:64] exception 'Zend_Db_Statement_Exception' with message 'SQLSTATE[23000]: Integrity constraint violation: 1451 Cannot delete or update a parent row: a foreign key constraint fails (`supportchipzin`.`q_quest_needquest`, CONSTRAINT `q_quest_needquest_ibfk_2` FOREIGN KEY (`NeedQuest`) REFERENCES `q_quest` (`QuestID`) ON DELETE NO ACTION ON UPDATE NO ACTION)' in D:\003\xampp\library\Zend.1.6.2\Zend\Db\Statement\Pdo.php:238
Stack trace:
#0 D:\003\xampp\library\Zend.1.6.2\Zend\Db\Statement.php(283): Zend_Db_Statement_Pdo->_execute(Array)
#1 D:\003\xampp\library\Zend.1.6.2\Zend\Db\Adapter\Abstract.php(430): Zend_Db_Statement->execute(Array)
#2 D:\003\xampp\library\Zend.1.6.2\Zend\Db\Adapter\Pdo\Abstract.php(220): Zend_Db_Adapter_Abstract->query('DELETE FROM `q_...', Array)
#3 D:\003\xampp\library\Zend.1.6.2\Zend\Db\Adapter\Abstract.php(577): Zend_Db_Adapter_Pdo_Abstract->query('DELETE FROM `q_...')
#4 D:\003\xampp\htdocs\vng\game-tool\sourcecode\chipzin\application\models\Models_Base.php(60): Zend_Db_Adapter_Abstract->delete('q_quest', 'QuestID = '2'')
#5 D:\003\xampp\htdocs\vng\game-tool\sourcecode\chipzin\application\controllers\QuestController.php(134): Models_Base->_delete('2')
#6 D:\003\xampp\library\Zend.1.6.2\Zend\Controller\Action.php(494): QuestController->deleteAction()
#7 D:\003\xampp\library\Zend.1.6.2\Zend\Controller\Dispatcher\Standard.php(285): Zend_Controller_Action->dispatch('deleteAction')
#8 D:\003\xampp\library\Zend.1.6.2\Zend\Controller\Front.php(934): Zend_Controller_Dispatcher_Standard->dispatch(Object(Zend_Controller_Request_Http), Object(Zend_Controller_Response_Http))
#9 D:\003\xampp\htdocs\vng\game-tool\sourcecode\chipzin\index.php(32): Zend_Controller_Front->dispatch()
#10 {main}
[2012/02/24-05:21:33][D:\003\xampp\library\Zend.1.6.2\Zend\Db\Statement\Pdo.php:238] SQLSTATE[42000]: Syntax error or access violation: 1064 You have an error in your SQL syntax; check the manual that corresponds to your MySQL server version for the right syntax to use near '<' at line 5
[2012/02/24-05:23:36][D:\003\xampp\library\Zend.1.6.2\Zend\Db\Statement\Pdo.php:238] SQLSTATE[42000]: Syntax error or access violation: 1064 You have an error in your SQL syntax; check the manual that corresponds to your MySQL server version for the right syntax to use near '' at line 5
[2012/02/24-05:23:42][D:\003\xampp\library\Zend.1.6.2\Zend\Db\Statement\Pdo.php:238] SQLSTATE[42000]: Syntax error or access violation: 1064 You have an error in your SQL syntax; check the manual that corresponds to your MySQL server version for the right syntax to use near '' at line 5
[2012/02/24-05:23:48][D:\003\xampp\library\Zend.1.6.2\Zend\Db\Statement\Pdo.php:238] SQLSTATE[42000]: Syntax error or access violation: 1064 You have an error in your SQL syntax; check the manual that corresponds to your MySQL server version for the right syntax to use near '' at line 5
[2012/02/24-05:24:38][D:\003\xampp\library\Zend.1.6.2\Zend\Db\Statement\Pdo.php:238] SQLSTATE[42000]: Syntax error or access violation: 1064 You have an error in your SQL syntax; check the manual that corresponds to your MySQL server version for the right syntax to use near '' at line 5
[2012/02/24-05:26:24][D:\003\xampp\library\Zend.1.6.2\Zend\Db\Statement\Pdo.php:238] SQLSTATE[42000]: Syntax error or access violation: 1064 You have an error in your SQL syntax; check the manual that corresponds to your MySQL server version for the right syntax to use near '' at line 5
[2012/02/24-05:26:27][D:\003\xampp\library\Zend.1.6.2\Zend\Db\Statement\Pdo.php:238] SQLSTATE[42000]: Syntax error or access violation: 1064 You have an error in your SQL syntax; check the manual that corresponds to your MySQL server version for the right syntax to use near '' at line 5
[2012/02/24-05:26:52][D:\003\xampp\library\Zend.1.6.2\Zend\Db\Statement\Pdo.php:238] SQLSTATE[42000]: Syntax error or access violation: 1064 You have an error in your SQL syntax; check the manual that corresponds to your MySQL server version for the right syntax to use near '' at line 5
[2012/02/24-05:27:16][D:\003\xampp\library\Zend.1.6.2\Zend\Db\Statement\Pdo.php:238] SQLSTATE[42000]: Syntax error or access violation: 1064 You have an error in your SQL syntax; check the manual that corresponds to your MySQL server version for the right syntax to use near '' at line 5
[2012/02/24-08:26:18][D:\003\xampp\htdocs\vng\game-tool\sourcecode\chipzin\application\models\Models_Base.php:32] exception 'Zend_Db_Statement_Exception' with message 'SQLSTATE[23000]: Integrity constraint violation: 1062 Duplicate entry '3-3' for key 'PRIMARY'' in D:\003\xampp\library\Zend.1.6.2\Zend\Db\Statement\Pdo.php:238
Stack trace:
#0 D:\003\xampp\library\Zend.1.6.2\Zend\Db\Statement.php(283): Zend_Db_Statement_Pdo->_execute(Array)
#1 D:\003\xampp\library\Zend.1.6.2\Zend\Db\Adapter\Abstract.php(430): Zend_Db_Statement->execute(Array)
#2 D:\003\xampp\library\Zend.1.6.2\Zend\Db\Adapter\Pdo\Abstract.php(220): Zend_Db_Adapter_Abstract->query('INSERT INTO `q_...', Array)
#3 D:\003\xampp\library\Zend.1.6.2\Zend\Db\Adapter\Abstract.php(508): Zend_Db_Adapter_Pdo_Abstract->query('INSERT INTO `q_...', Array)
#4 D:\003\xampp\htdocs\vng\game-tool\sourcecode\chipzin\application\models\Models_Base.php(25): Zend_Db_Adapter_Abstract->insert('q_quest_needque...', Array)
#5 D:\003\xampp\htdocs\vng\game-tool\sourcecode\chipzin\application\controllers\QuestController.php(247): Models_Base->_insert(Object(Obj_Quest_Needquest))
#6 D:\003\xampp\library\Zend.1.6.2\Zend\Controller\Action.php(494): QuestController->updateAction()
#7 D:\003\xampp\library\Zend.1.6.2\Zend\Controller\Dispatcher\Standard.php(285): Zend_Controller_Action->dispatch('updateAction')
#8 D:\003\xampp\library\Zend.1.6.2\Zend\Controller\Front.php(934): Zend_Controller_Dispatcher_Standard->dispatch(Object(Zend_Controller_Request_Http), Object(Zend_Controller_Response_Http))
#9 D:\003\xampp\htdocs\vng\game-tool\sourcecode\chipzin\index.php(32): Zend_Controller_Front->dispatch()
#10 {main}
[2012/02/24-08:32:26][D:\003\xampp\library\Zend.1.6.2\Zend\Db\Statement\Pdo.php:238] SQLSTATE[42000]: Syntax error or access violation: 1064 You have an error in your SQL syntax; check the manual that corresponds to your MySQL server version for the right syntax to use near '' at line 5
[2012/02/24-09:05:53][D:\003\xampp\library\Zend.1.6.2\Zend\Db\Statement\Pdo.php:238] SQLSTATE[42000]: Syntax error or access violation: 1064 You have an error in your SQL syntax; check the manual that corresponds to your MySQL server version for the right syntax to use near '<a id=' at line 5
[2012/02/24-09:06:14][D:\003\xampp\library\Zend.1.6.2\Zend\Db\Statement\Pdo.php:238] SQLSTATE[42000]: Syntax error or access violation: 1064 You have an error in your SQL syntax; check the manual that corresponds to your MySQL server version for the right syntax to use near '<a id=' at line 5
[2012/02/24-09:06:40][D:\003\xampp\library\Zend.1.6.2\Zend\Db\Statement\Pdo.php:238] SQLSTATE[42000]: Syntax error or access violation: 1064 You have an error in your SQL syntax; check the manual that corresponds to your MySQL server version for the right syntax to use near '<a id=' at line 5
[2012/04/10-10:05:05][F:\VNG\Zend 1.6\Zend\Db\Statement\Pdo.php:238] SQLSTATE[42S22]: Column not found: 1054 Unknown column 'undefined' in 'where clause'
[2012/04/10-10:05:38][F:\VNG\Zend 1.6\Zend\Db\Statement\Pdo.php:238] SQLSTATE[42000]: Syntax error or access violation: 1064 You have an error in your SQL syntax; check the manual that corresponds to your MySQL server version for the right syntax to use near 'and lgroup = ''' at line 6
[2012/04/10-10:23:23][F:\VNG\Zend 1.6\Zend\Db\Statement\Pdo.php:238] SQLSTATE[42S22]: Column not found: 1054 Unknown column 'name' in 'where clause'
[2012/04/10-10:23:23][F:\VNG\Zend 1.6\Zend\Db\Statement\Pdo.php:238] SQLSTATE[42S22]: Column not found: 1054 Unknown column 'undefined' in 'where clause'
[2012/04/10-10:23:27][F:\VNG\Zend 1.6\Zend\Db\Statement\Pdo.php:238] SQLSTATE[42S22]: Column not found: 1054 Unknown column 'name' in 'where clause'
[2012/04/10-10:23:28][F:\VNG\Zend 1.6\Zend\Db\Statement\Pdo.php:238] SQLSTATE[42S22]: Column not found: 1054 Unknown column 'undefined' in 'where clause'
[2012/04/10-14:02:06][F:\VNG\xampp\htdocs\vng\Project\game-tool\sourcecode\chipzin\application\forms\Forms_Quest_Detail.php:41] QuestName không được để trống<br>.;
[2012/04/10-14:15:12][F:\VNG\xampp\htdocs\vng\Project\game-tool\sourcecode\chipzin\application\forms\Forms_Quest_Detail.php:56] QuestString không được để trống<br>.;
[2012/04/10-14:42:21][F:\VNG\xampp\htdocs\vng\Project\game-tool\sourcecode\chipzin\library\utility\utility.php:259] PHP Class 'Memcache' does not exist!
[2012/04/10-14:42:29][F:\VNG\xampp\htdocs\vng\Project\game-tool\sourcecode\chipzin\library\utility\utility.php:259] PHP Class 'Memcache' does not exist!
[2012/04/10-14:56:25][F:\VNG\xampp\htdocs\vng\Project\game-tool\sourcecode\chipzin\library\utility\utility.php:259] PHP Class 'Memcache' does not exist!
[2012/04/11-10:23:07][F:\VNG\xampp\htdocs\vng\Project\game-tool\sourcecode\chipzin\application\models\Models_Base.php:32] exception 'Zend_Db_Statement_Exception' with message 'SQLSTATE[23000]: Integrity constraint violation: 1452 Cannot add or update a child row: a foreign key constraint fails (`chip_94`.`c_battle`, CONSTRAINT `c_battle_ibfk_1` FOREIGN KEY (`Layout`) REFERENCES `c_layout` (`ID`) ON DELETE NO ACTION)' in F:\VNG\Zend 1.6\Zend\Db\Statement\Pdo.php:238
Stack trace:
#0 F:\VNG\Zend 1.6\Zend\Db\Statement.php(283): Zend_Db_Statement_Pdo->_execute(Array)
#1 F:\VNG\Zend 1.6\Zend\Db\Adapter\Abstract.php(430): Zend_Db_Statement->execute(Array)
#2 F:\VNG\Zend 1.6\Zend\Db\Adapter\Pdo\Abstract.php(220): Zend_Db_Adapter_Abstract->query('INSERT INTO `c_...', Array)
#3 F:\VNG\Zend 1.6\Zend\Db\Adapter\Abstract.php(508): Zend_Db_Adapter_Pdo_Abstract->query('INSERT INTO `c_...', Array)
#4 F:\VNG\xampp\htdocs\vng\Project\game-tool\sourcecode\chipzin\application\models\Models_Base.php(25): Zend_Db_Adapter_Abstract->insert('c_battle', Array)
#5 F:\VNG\xampp\htdocs\vng\Project\game-tool\sourcecode\chipzin\application\modules\campaign\controllers\BattleController.php(42): Models_Base->_insert(Object(Obj_Battle))
#6 F:\VNG\Zend 1.6\Zend\Controller\Action.php(502): Campaign_BattleController->saveAction()
#7 F:\VNG\Zend 1.6\Zend\Controller\Dispatcher\Standard.php(293): Zend_Controller_Action->dispatch('saveAction')
#8 F:\VNG\Zend 1.6\Zend\Controller\Front.php(946): Zend_Controller_Dispatcher_Standard->dispatch(Object(Zend_Controller_Request_Http), Object(Zend_Controller_Response_Http))
#9 F:\VNG\xampp\htdocs\vng\Project\game-tool\sourcecode\chipzin\index.php(37): Zend_Controller_Front->dispatch()
#10 {main}
[2012/04/11-10:25:51][F:\VNG\xampp\htdocs\vng\Project\game-tool\sourcecode\chipzin\application\models\Models_Base.php:32] exception 'Zend_Db_Statement_Exception' with message 'SQLSTATE[23000]: Integrity constraint violation: 1452 Cannot add or update a child row: a foreign key constraint fails (`chip_94`.`c_battle`, CONSTRAINT `c_battle_ibfk_1` FOREIGN KEY (`Layout`) REFERENCES `c_layout` (`ID`) ON DELETE NO ACTION)' in F:\VNG\Zend 1.6\Zend\Db\Statement\Pdo.php:238
Stack trace:
#0 F:\VNG\Zend 1.6\Zend\Db\Statement.php(283): Zend_Db_Statement_Pdo->_execute(Array)
#1 F:\VNG\Zend 1.6\Zend\Db\Adapter\Abstract.php(430): Zend_Db_Statement->execute(Array)
#2 F:\VNG\Zend 1.6\Zend\Db\Adapter\Pdo\Abstract.php(220): Zend_Db_Adapter_Abstract->query('INSERT INTO `c_...', Array)
#3 F:\VNG\Zend 1.6\Zend\Db\Adapter\Abstract.php(508): Zend_Db_Adapter_Pdo_Abstract->query('INSERT INTO `c_...', Array)
#4 F:\VNG\xampp\htdocs\vng\Project\game-tool\sourcecode\chipzin\application\models\Models_Base.php(25): Zend_Db_Adapter_Abstract->insert('c_battle', Array)
#5 F:\VNG\xampp\htdocs\vng\Project\game-tool\sourcecode\chipzin\application\modules\campaign\controllers\BattleController.php(42): Models_Base->_insert(Object(Obj_Battle))
#6 F:\VNG\Zend 1.6\Zend\Controller\Action.php(502): Campaign_BattleController->saveAction()
#7 F:\VNG\Zend 1.6\Zend\Controller\Dispatcher\Standard.php(293): Zend_Controller_Action->dispatch('saveAction')
#8 F:\VNG\Zend 1.6\Zend\Controller\Front.php(946): Zend_Controller_Dispatcher_Standard->dispatch(Object(Zend_Controller_Request_Http), Object(Zend_Controller_Response_Http))
#9 F:\VNG\xampp\htdocs\vng\Project\game-tool\sourcecode\chipzin\index.php(37): Zend_Controller_Front->dispatch()
#10 {main}
[2012/04/11-10:26:01][F:\VNG\xampp\htdocs\vng\Project\game-tool\sourcecode\chipzin\application\models\Models_Base.php:32] exception 'Zend_Db_Statement_Exception' with message 'SQLSTATE[23000]: Integrity constraint violation: 1452 Cannot add or update a child row: a foreign key constraint fails (`chip_94`.`c_battle`, CONSTRAINT `c_battle_ibfk_1` FOREIGN KEY (`Layout`) REFERENCES `c_layout` (`ID`) ON DELETE NO ACTION)' in F:\VNG\Zend 1.6\Zend\Db\Statement\Pdo.php:238
Stack trace:
#0 F:\VNG\Zend 1.6\Zend\Db\Statement.php(283): Zend_Db_Statement_Pdo->_execute(Array)
#1 F:\VNG\Zend 1.6\Zend\Db\Adapter\Abstract.php(430): Zend_Db_Statement->execute(Array)
#2 F:\VNG\Zend 1.6\Zend\Db\Adapter\Pdo\Abstract.php(220): Zend_Db_Adapter_Abstract->query('INSERT INTO `c_...', Array)
#3 F:\VNG\Zend 1.6\Zend\Db\Adapter\Abstract.php(508): Zend_Db_Adapter_Pdo_Abstract->query('INSERT INTO `c_...', Array)
#4 F:\VNG\xampp\htdocs\vng\Project\game-tool\sourcecode\chipzin\application\models\Models_Base.php(25): Zend_Db_Adapter_Abstract->insert('c_battle', Array)
#5 F:\VNG\xampp\htdocs\vng\Project\game-tool\sourcecode\chipzin\application\modules\campaign\controllers\BattleController.php(42): Models_Base->_insert(Object(Obj_Battle))
#6 F:\VNG\Zend 1.6\Zend\Controller\Action.php(502): Campaign_BattleController->saveAction()
#7 F:\VNG\Zend 1.6\Zend\Controller\Dispatcher\Standard.php(293): Zend_Controller_Action->dispatch('saveAction')
#8 F:\VNG\Zend 1.6\Zend\Controller\Front.php(946): Zend_Controller_Dispatcher_Standard->dispatch(Object(Zend_Controller_Request_Http), Object(Zend_Controller_Response_Http))
#9 F:\VNG\xampp\htdocs\vng\Project\game-tool\sourcecode\chipzin\index.php(37): Zend_Controller_Front->dispatch()
#10 {main}
[2012/04/11-10:26:01][F:\VNG\xampp\htdocs\vng\Project\game-tool\sourcecode\chipzin\application\models\Models_Base.php:32] exception 'Zend_Db_Statement_Exception' with message 'SQLSTATE[23000]: Integrity constraint violation: 1452 Cannot add or update a child row: a foreign key constraint fails (`chip_94`.`c_battle`, CONSTRAINT `c_battle_ibfk_1` FOREIGN KEY (`Layout`) REFERENCES `c_layout` (`ID`) ON DELETE NO ACTION)' in F:\VNG\Zend 1.6\Zend\Db\Statement\Pdo.php:238
Stack trace:
#0 F:\VNG\Zend 1.6\Zend\Db\Statement.php(283): Zend_Db_Statement_Pdo->_execute(Array)
#1 F:\VNG\Zend 1.6\Zend\Db\Adapter\Abstract.php(430): Zend_Db_Statement->execute(Array)
#2 F:\VNG\Zend 1.6\Zend\Db\Adapter\Pdo\Abstract.php(220): Zend_Db_Adapter_Abstract->query('INSERT INTO `c_...', Array)
#3 F:\VNG\Zend 1.6\Zend\Db\Adapter\Abstract.php(508): Zend_Db_Adapter_Pdo_Abstract->query('INSERT INTO `c_...', Array)
#4 F:\VNG\xampp\htdocs\vng\Project\game-tool\sourcecode\chipzin\application\models\Models_Base.php(25): Zend_Db_Adapter_Abstract->insert('c_battle', Array)
#5 F:\VNG\xampp\htdocs\vng\Project\game-tool\sourcecode\chipzin\application\modules\campaign\controllers\BattleController.php(42): Models_Base->_insert(Object(Obj_Battle))
#6 F:\VNG\Zend 1.6\Zend\Controller\Action.php(502): Campaign_BattleController->saveAction()
#7 F:\VNG\Zend 1.6\Zend\Controller\Dispatcher\Standard.php(293): Zend_Controller_Action->dispatch('saveAction')
#8 F:\VNG\Zend 1.6\Zend\Controller\Front.php(946): Zend_Controller_Dispatcher_Standard->dispatch(Object(Zend_Controller_Request_Http), Object(Zend_Controller_Response_Http))
#9 F:\VNG\xampp\htdocs\vng\Project\game-tool\sourcecode\chipzin\index.php(37): Zend_Controller_Front->dispatch()
#10 {main}
[2012/04/11-10:26:04][F:\VNG\xampp\htdocs\vng\Project\game-tool\sourcecode\chipzin\application\models\Models_Base.php:32] exception 'Zend_Db_Statement_Exception' with message 'SQLSTATE[23000]: Integrity constraint violation: 1452 Cannot add or update a child row: a foreign key constraint fails (`chip_94`.`c_battle`, CONSTRAINT `c_battle_ibfk_1` FOREIGN KEY (`Layout`) REFERENCES `c_layout` (`ID`) ON DELETE NO ACTION)' in F:\VNG\Zend 1.6\Zend\Db\Statement\Pdo.php:238
Stack trace:
#0 F:\VNG\Zend 1.6\Zend\Db\Statement.php(283): Zend_Db_Statement_Pdo->_execute(Array)
#1 F:\VNG\Zend 1.6\Zend\Db\Adapter\Abstract.php(430): Zend_Db_Statement->execute(Array)
#2 F:\VNG\Zend 1.6\Zend\Db\Adapter\Pdo\Abstract.php(220): Zend_Db_Adapter_Abstract->query('INSERT INTO `c_...', Array)
#3 F:\VNG\Zend 1.6\Zend\Db\Adapter\Abstract.php(508): Zend_Db_Adapter_Pdo_Abstract->query('INSERT INTO `c_...', Array)
#4 F:\VNG\xampp\htdocs\vng\Project\game-tool\sourcecode\chipzin\application\models\Models_Base.php(25): Zend_Db_Adapter_Abstract->insert('c_battle', Array)
#5 F:\VNG\xampp\htdocs\vng\Project\game-tool\sourcecode\chipzin\application\modules\campaign\controllers\BattleController.php(42): Models_Base->_insert(Object(Obj_Battle))
#6 F:\VNG\Zend 1.6\Zend\Controller\Action.php(502): Campaign_BattleController->saveAction()
#7 F:\VNG\Zend 1.6\Zend\Controller\Dispatcher\Standard.php(293): Zend_Controller_Action->dispatch('saveAction')
#8 F:\VNG\Zend 1.6\Zend\Controller\Front.php(946): Zend_Controller_Dispatcher_Standard->dispatch(Object(Zend_Controller_Request_Http), Object(Zend_Controller_Response_Http))
#9 F:\VNG\xampp\htdocs\vng\Project\game-tool\sourcecode\chipzin\index.php(37): Zend_Controller_Front->dispatch()
#10 {main}
